<?xml version="1.0" encoding="UTF-8"?>
<testng-results ignored="0" total="1" passed="1" failed="0" skipped="0">
  <reporter-output>
    <line>
      <![CDATA[createCustomer]]>
    </line>
  </reporter-output>
  <suite started-at="2023-04-14T09:04:02Z" name="Default suite" finished-at="2023-04-14T09:04:02Z" duration-ms="52">
    <groups>
    </groups>
    <test started-at="2023-04-14T09:04:02Z" name="Default test" finished-at="2023-04-14T09:04:02Z" duration-ms="52">
      <class name="com.actitime.testscript.CreateCustomer$CustomerCustomer">
        <test-method signature="createCustomer()[pri:1, instance:com.actitime.testscript.CreateCustomer$CustomerCustomer@2034b64c]" started-at="2023-04-14T09:04:02Z" name="createCustomer" finished-at="2023-04-14T09:04:02Z" duration-ms="16" status="PASS">
          <reporter-output>
            <line>
              <![CDATA[createCustomer]]>
            </line>
          </reporter-output>
        </test-method> <!-- createCustomer -->
      </class> <!-- com.actitime.testscript.CreateCustomer$CustomerCustomer -->
    </test> <!-- Default test -->
  </suite> <!-- Default suite -->
</testng-results>
